<?xml version="1.0" encoding="UTF-8"?>
<!-- Generated by org.testng.reporters.JUnitReportReporter -->
<testsuite hostname="DESKTOP-OQP26TU" failures="0" tests="1" name="script.DemoTest2" time="12.150" errors="0" timestamp="2023-05-09T16:47:49 IST" skipped="0">
  <testcase classname="script.DemoTest2" name="demoTest2" time="12.150"/>
  <system-out>
    <![CDATA[Facebook â€“ log in or sign up]]>
  </system-out>
</testsuite> <!-- script.DemoTest2 -->
