<?xml version="1.0" encoding="UTF-8"?>
<!-- Generated by org.testng.reporters.JUnitReportReporter -->
<testsuite hostname="DESKTOP-OQP26TU" failures="0" tests="1" name="script.DemoTest3" time="9.219" errors="0" timestamp="2023-05-09T16:47:49 IST" skipped="0">
  <testcase classname="script.DemoTest3" name="demoTest3" time="9.219"/>
  <system-out>
    <![CDATA[Facebook â€“ log in or sign up]]>
  </system-out>
</testsuite> <!-- script.DemoTest3 -->
