<?xml version="1.0" encoding="UTF-8"?>
<!-- Generated by org.testng.reporters.JUnitReportReporter -->
<testsuite hostname="DESKTOP-OQP26TU" failures="0" tests="1" name="script.DemoTest" time="20.200" errors="0" timestamp="2023-05-10T19:08:25 IST" skipped="0">
  <testcase classname="script.DemoTest" name="demoTest1" time="20.200"/>
  <system-out>
    <![CDATA[test data:admin
Google]]>
  </system-out>
</testsuite> <!-- script.DemoTest -->
