<?xml version="1.0" encoding="UTF-8"?>
<!-- Generated by org.testng.reporters.JUnitReportReporter -->
<testsuite hostname="DESKTOP-OQP26TU" failures="0" tests="1" name="script.ValidLogin" time="32.950" errors="0" timestamp="2023-05-13T19:23:02 IST" skipped="0">
  <testcase classname="script.ValidLogin" name="testValidLogin" time="32.950"/>
  <system-out>
    <![CDATA[HomePage is Displayed]]>
  </system-out>
</testsuite> <!-- script.ValidLogin -->
