<?xml version="1.0" encoding="UTF-8"?>
<!-- Generated by org.testng.reporters.JUnitReportReporter -->
<testsuite hostname="DESKTOP-OQP26TU" failures="0" tests="1" name="script.InvalidLogin" time="21.708" errors="0" timestamp="2023-05-14T01:33:07 IST" skipped="0">
  <testcase classname="script.InvalidLogin" name="testInvalidLogin" time="21.708"/>
  <system-out>
    <![CDATA[Err Msg is Displayed]]>
  </system-out>
</testsuite> <!-- script.InvalidLogin -->
