<?xml version="1.0" encoding="UTF-8"?>
<!-- Generated by org.testng.reporters.JUnitReportReporter -->
<testsuite hostname="DESKTOP-OQP26TU" failures="0" tests="1" name="script.InvalidLogin" time="14.860" errors="0" timestamp="2023-05-14T01:44:31 IST" skipped="0">
  <testcase classname="script.InvalidLogin" name="testInvalidLogin" time="14.860"/>
  <system-out>
    <![CDATA[Err Msg is Displayed
Err Msg is Displayed]]>
  </system-out>
</testsuite> <!-- script.InvalidLogin -->
